2023-06-29 14:42:32.576 [ restartedMain ] - [ INFO  ] [ com.by.SyncDataApplication : 50 ] - Starting SyncDataApplication on SC-201909301149 with PID 5656 (H:\workspaces\taobao_img\syncData\target\classes started by Administrator in H:\workspaces\taobao_img\syncData)
2023-06-29 14:42:32.576 [ restartedMain ] - [ INFO  ] [ com.by.SyncDataApplication : 684 ] - The following profiles are active: dev
2023-06-29 14:42:34.838 [ restartedMain ] - [ INFO  ] [ org.apache.coyote.http11.Http11NioProtocol : 180 ] - Initializing ProtocolHandler ["http-nio-8866"]
2023-06-29 14:42:34.838 [ restartedMain ] - [ INFO  ] [ org.apache.catalina.core.StandardService : 180 ] - Starting service [Tomcat]
2023-06-29 14:42:34.838 [ restartedMain ] - [ INFO  ] [ org.apache.catalina.core.StandardEngine : 180 ] - Starting Servlet Engine: Apache Tomcat/8.5.34
2023-06-29 14:42:34.853 [ localhost-startStop-1 ] - [ INFO  ] [ org.apache.catalina.core.AprLifecycleListener : 180 ] - The APR based Apache Tomcat Native library which allows optimal performance in production environments was not found on the java.library.path: [D:\Program Files\Java\jdk1.8.0_131\bin;C:\Windows\Sun\Java\bin;C:\Windows\system32;C:\Windows;D:/Program Files/Java/jdk1.8.0_131/bin/../jre/bin/server;D:/Program Files/Java/jdk1.8.0_131/bin/../jre/bin;D:/Program Files/Java/jdk1.8.0_131/bin/../jre/lib/amd64;C:\Program Files (x86)\VanDyke Software\Clients\;C:\Program Files (x86)\Common Files\Intel\Shared Libraries\redist\intel64_win\compiler;C:\Program Files\VanDyke Software\Clients\;H:\app\Administrator\product\11.2.0\dbhome_1\bin;C:\Windows\system32;C:\Windows;C:\Windows\System32\Wbem;C:\Windows\System32\WindowsPowerShell\v1.0\;F:\ide\apache-maven-3.5.4\bin;C:\Program Files\TortoiseSVN\bin;NVM_HOME;NVM_SYMLINK;C:\Program Files\nodejs;C:\Users\Administrator\AppData\Roaming\npm;D:\Program Files\Java\jdk1.8.0_131\bin;D:\Program Files\Java\jdk1.8.0_131\jre\bin;E:\Program Files\Git\bin;C:\Program Files (x86)\VisualSVN Server\bin;C:\Program Files\nodejs;H:\workspaces\taobao_img_idea2\node_modules\.bin;F:\ide\mysql-8.0.29-winx64\bin;C:\Users\Administrator\AppData\Local\Programs\Python\Python37-32;C:\Users\Administrator\AppData\Local\Programs\Python\Python37-32\Scripts;C:\Program Files\MongoDB\Server\3.4\bin;C:\Program Files (x86)\HP\Common\HPDestPlgIn\;C:\Program Files (x86)\QuickTime\QTSystem\;C:\Program Files\Microsoft SQL Server\120\Tools\Binn\;C:\Program Files\Microsoft SQL Server\Client SDK\ODBC\110\Tools\Binn\;C:\Program Files (x86)\Microsoft SQL Server\120\Tools\Binn\;C:\Program Files\Microsoft SQL Server\120\DTS\Binn\;C:\Program Files (x86)\Microsoft SQL Server\120\Tools\Binn\ManagementStudio\;C:\Program Files (x86)\Microsoft SQL Server\120\DTS\Binn\;D:\Android\Sdk\platform-tools;D:\Android\Sdk\emulator;%ANDROID_SDK_HOME;C:\Program Files\nodejs\;C:\Users\Administrator\AppData\Roaming\npm;H:\soft_ware\sts-4.3.2.RELEASE;;.]
2023-06-29 14:42:34.964 [ localhost-startStop-1 ] - [ INFO  ] [ o.a.c.core.ContainerBase.[Tomcat].[localhost].[/] : 180 ] - Initializing Spring embedded WebApplicationContext
2023-06-29 14:42:35.229 [ restartedMain ] - [ INFO  ] [ c.a.d.s.b.a.DruidDataSourceAutoConfigure : 56 ] - Init DruidDataSource
2023-06-29 14:42:36.617 [ restartedMain ] - [ ERROR ] [ com.alibaba.druid.pool.DruidDataSource : 931 ] - init datasource error, url: jdbc:mysql://127.0.0.1:3306/club?useUnicode=true&characterEncoding=utf8&zeroDateTimeBehavior=convertToNull&useSSL=false&serverTimezone=GMT%2B8
com.mysql.jdbc.exceptions.jdbc4.CommunicationsException: Communications link failure

The last packet sent successfully to the server was 0 milliseconds ago. The driver has not received any packets from the server.
	at sun.reflect.NativeConstructorAccessorImpl.newInstance0(Native Method)
	at sun.reflect.NativeConstructorAccessorImpl.newInstance(NativeConstructorAccessorImpl.java:62)
	at sun.reflect.DelegatingConstructorAccessorImpl.newInstance(DelegatingConstructorAccessorImpl.java:45)
	at java.lang.reflect.Constructor.newInstance(Constructor.java:423)
	at com.mysql.jdbc.Util.handleNewInstance(Util.java:425)
	at com.mysql.jdbc.SQLError.createCommunicationsException(SQLError.java:990)
	at com.mysql.jdbc.MysqlIO.<init>(MysqlIO.java:342)
	at com.mysql.jdbc.ConnectionImpl.coreConnect(ConnectionImpl.java:2197)
	at com.mysql.jdbc.ConnectionImpl.connectOneTryOnly(ConnectionImpl.java:2230)
	at com.mysql.jdbc.ConnectionImpl.createNewIO(ConnectionImpl.java:2025)
	at com.mysql.jdbc.ConnectionImpl.<init>(ConnectionImpl.java:778)
	at com.mysql.jdbc.JDBC4Connection.<init>(JDBC4Connection.java:47)
	at sun.reflect.NativeConstructorAccessorImpl.newInstance0(Native Method)
	at sun.reflect.NativeConstructorAccessorImpl.newInstance(NativeConstructorAccessorImpl.java:62)
	at sun.reflect.DelegatingConstructorAccessorImpl.newInstance(DelegatingConstructorAccessorImpl.java:45)
	at java.lang.reflect.Constructor.newInstance(Constructor.java:423)
	at com.mysql.jdbc.Util.handleNewInstance(Util.java:425)
	at com.mysql.jdbc.ConnectionImpl.getInstance(ConnectionImpl.java:386)
	at com.mysql.jdbc.NonRegisteringDriver.connect(NonRegisteringDriver.java:330)
	at com.alibaba.druid.filter.FilterChainImpl.connection_connect(FilterChainImpl.java:156)
	at com.alibaba.druid.filter.stat.StatFilter.connection_connect(StatFilter.java:251)
	at com.alibaba.druid.filter.FilterChainImpl.connection_connect(FilterChainImpl.java:150)
	at com.alibaba.druid.pool.DruidAbstractDataSource.createPhysicalConnection(DruidAbstractDataSource.java:1659)
	at com.alibaba.druid.pool.DruidAbstractDataSource.createPhysicalConnection(DruidAbstractDataSource.java:1723)
	at com.alibaba.druid.pool.DruidDataSource.init(DruidDataSource.java:927)
	at sun.reflect.NativeMethodAccessorImpl.invoke0(Native Method)
	at sun.reflect.NativeMethodAccessorImpl.invoke(NativeMethodAccessorImpl.java:62)
	at sun.reflect.DelegatingMethodAccessorImpl.invoke(DelegatingMethodAccessorImpl.java:43)
	at java.lang.reflect.Method.invoke(Method.java:498)
	at org.springframework.beans.factory.support.AbstractAutowireCapableBeanFactory.invokeCustomInitMethod(AbstractAutowireCapableBeanFactory.java:1824)
	at org.springframework.beans.factory.support.AbstractAutowireCapableBeanFactory.invokeInitMethods(AbstractAutowireCapableBeanFactory.java:1767)
	at org.springframework.beans.factory.support.AbstractAutowireCapableBeanFactory.initializeBean(AbstractAutowireCapableBeanFactory.java:1695)
	at org.springframework.beans.factory.support.AbstractAutowireCapableBeanFactory.doCreateBean(AbstractAutowireCapableBeanFactory.java:573)
	at org.springframework.beans.factory.support.AbstractAutowireCapableBeanFactory.createBean(AbstractAutowireCapableBeanFactory.java:495)
	at org.springframework.beans.factory.support.AbstractBeanFactory.lambda$doGetBean$0(AbstractBeanFactory.java:317)
	at org.springframework.beans.factory.support.DefaultSingletonBeanRegistry.getSingleton(DefaultSingletonBeanRegistry.java:222)
	at org.springframework.beans.factory.support.AbstractBeanFactory.doGetBean(AbstractBeanFactory.java:315)
	at org.springframework.beans.factory.support.AbstractBeanFactory.getBean(AbstractBeanFactory.java:199)
	at org.springframework.beans.factory.config.DependencyDescriptor.resolveCandidate(DependencyDescriptor.java:251)
	at org.springframework.beans.factory.support.DefaultListableBeanFactory.doResolveDependency(DefaultListableBeanFactory.java:1135)
	at org.springframework.beans.factory.support.DefaultListableBeanFactory.resolveDependency(DefaultListableBeanFactory.java:1062)
	at org.springframework.beans.factory.support.ConstructorResolver.resolveAutowiredArgument(ConstructorResolver.java:818)
	at org.springframework.beans.factory.support.ConstructorResolver.createArgumentArray(ConstructorResolver.java:724)
	at org.springframework.beans.factory.support.ConstructorResolver.instantiateUsingFactoryMethod(ConstructorResolver.java:474)
	at org.springframework.beans.factory.support.AbstractAutowireCapableBeanFactory.instantiateUsingFactoryMethod(AbstractAutowireCapableBeanFactory.java:1247)
	at org.springframework.beans.factory.support.AbstractAutowireCapableBeanFactory.createBeanInstance(AbstractAutowireCapableBeanFactory.java:1096)
	at org.springframework.beans.factory.support.AbstractAutowireCapableBeanFactory.doCreateBean(AbstractAutowireCapableBeanFactory.java:535)
	at org.springframework.beans.factory.support.AbstractAutowireCapableBeanFactory.createBean(AbstractAutowireCapableBeanFactory.java:495)
	at org.springframework.beans.factory.support.AbstractBeanFactory.lambda$doGetBean$0(AbstractBeanFactory.java:317)
	at org.springframework.beans.factory.support.DefaultSingletonBeanRegistry.getSingleton(DefaultSingletonBeanRegistry.java:222)
	at org.springframework.beans.factory.support.AbstractBeanFactory.doGetBean(AbstractBeanFactory.java:315)
	at org.springframework.beans.factory.support.AbstractBeanFactory.getBean(AbstractBeanFactory.java:199)
	at org.springframework.beans.factory.config.DependencyDescriptor.resolveCandidate(DependencyDescriptor.java:251)
	at org.springframework.beans.factory.support.DefaultListableBeanFactory.doResolveDependency(DefaultListableBeanFactory.java:1135)
	at org.springframework.beans.factory.support.DefaultListableBeanFactory.resolveDependency(DefaultListableBeanFactory.java:1062)
	at org.springframework.beans.factory.support.AbstractAutowireCapableBeanFactory.autowireByType(AbstractAutowireCapableBeanFactory.java:1421)
	at org.springframework.beans.factory.support.AbstractAutowireCapableBeanFactory.populateBean(AbstractAutowireCapableBeanFactory.java:1323)
	at org.springframework.beans.factory.support.AbstractAutowireCapableBeanFactory.doCreateBean(AbstractAutowireCapableBeanFactory.java:572)
	at org.springframework.beans.factory.support.AbstractAutowireCapableBeanFactory.createBean(AbstractAutowireCapableBeanFactory.java:495)
	at org.springframework.beans.factory.support.AbstractBeanFactory.lambda$doGetBean$0(AbstractBeanFactory.java:317)
	at org.springframework.beans.factory.support.DefaultSingletonBeanRegistry.getSingleton(DefaultSingletonBeanRegistry.java:222)
	at org.springframework.beans.factory.support.AbstractBeanFactory.doGetBean(AbstractBeanFactory.java:315)
	at org.springframework.beans.factory.support.AbstractBeanFactory.getBean(AbstractBeanFactory.java:199)
	at org.springframework.beans.factory.config.DependencyDescriptor.resolveCandidate(DependencyDescriptor.java:251)
	at org.springframework.beans.factory.support.DefaultListableBeanFactory.doResolveDependency(DefaultListableBeanFactory.java:1135)
	at org.springframework.beans.factory.support.DefaultListableBeanFactory.resolveDependency(DefaultListableBeanFactory.java:1062)
	at org.springframework.beans.factory.annotation.AutowiredAnnotationBeanPostProcessor$AutowiredFieldElement.inject(AutowiredAnnotationBeanPostProcessor.java:583)
	at org.springframework.beans.factory.annotation.InjectionMetadata.inject(InjectionMetadata.java:90)
	at org.springframework.beans.factory.annotation.AutowiredAnnotationBeanPostProcessor.postProcessPropertyValues(AutowiredAnnotationBeanPostProcessor.java:372)
	at org.springframework.beans.factory.support.AbstractAutowireCapableBeanFactory.populateBean(AbstractAutowireCapableBeanFactory.java:1341)
	at org.springframework.beans.factory.support.AbstractAutowireCapableBeanFactory.doCreateBean(AbstractAutowireCapableBeanFactory.java:572)
	at org.springframework.beans.factory.support.AbstractAutowireCapableBeanFactory.createBean(AbstractAutowireCapableBeanFactory.java:495)
	at org.springframework.beans.factory.support.AbstractBeanFactory.lambda$doGetBean$0(AbstractBeanFactory.java:317)
	at org.springframework.beans.factory.support.DefaultSingletonBeanRegistry.getSingleton(DefaultSingletonBeanRegistry.java:222)
	at org.springframework.beans.factory.support.AbstractBeanFactory.doGetBean(AbstractBeanFactory.java:315)
	at org.springframework.beans.factory.support.AbstractBeanFactory.getBean(AbstractBeanFactory.java:199)
	at org.springframework.beans.factory.config.DependencyDescriptor.resolveCandidate(DependencyDescriptor.java:251)
	at org.springframework.beans.factory.support.DefaultListableBeanFactory.doResolveDependency(DefaultListableBeanFactory.java:1135)
	at org.springframework.beans.factory.support.DefaultListableBeanFactory.resolveDependency(DefaultListableBeanFactory.java:1062)
	at org.springframework.beans.factory.annotation.AutowiredAnnotationBeanPostProcessor$AutowiredFieldElement.inject(AutowiredAnnotationBeanPostProcessor.java:583)
	at org.springframework.beans.factory.annotation.InjectionMetadata.inject(InjectionMetadata.java:90)
	at org.springframework.beans.factory.annotation.AutowiredAnnotationBeanPostProcessor.postProcessPropertyValues(AutowiredAnnotationBeanPostProcessor.java:372)
	at org.springframework.beans.factory.support.AbstractAutowireCapableBeanFactory.populateBean(AbstractAutowireCapableBeanFactory.java:1341)
	at org.springframework.beans.factory.support.AbstractAutowireCapableBeanFactory.doCreateBean(AbstractAutowireCapableBeanFactory.java:572)
	at org.springframework.beans.factory.support.AbstractAutowireCapableBeanFactory.createBean(AbstractAutowireCapableBeanFactory.java:495)
	at org.springframework.beans.factory.support.AbstractBeanFactory.lambda$doGetBean$0(AbstractBeanFactory.java:317)
	at org.springframework.beans.factory.support.DefaultSingletonBeanRegistry.getSingleton(DefaultSingletonBeanRegistry.java:222)
	at org.springframework.beans.factory.support.AbstractBeanFactory.doGetBean(AbstractBeanFactory.java:315)
	at org.springframework.beans.factory.support.AbstractBeanFactory.getBean(AbstractBeanFactory.java:199)
	at org.springframework.beans.factory.support.DefaultListableBeanFactory.preInstantiateSingletons(DefaultListableBeanFactory.java:759)
	at org.springframework.context.support.AbstractApplicationContext.finishBeanFactoryInitialization(AbstractApplicationContext.java:869)
	at org.springframework.context.support.AbstractApplicationContext.refresh(AbstractApplicationContext.java:550)
	at org.springframework.boot.web.servlet.context.ServletWebServerApplicationContext.refresh(ServletWebServerApplicationContext.java:140)
	at org.springframework.boot.SpringApplication.refresh(SpringApplication.java:780)
	at org.springframework.boot.SpringApplication.refreshContext(SpringApplication.java:412)
	at org.springframework.boot.SpringApplication.run(SpringApplication.java:333)
	at org.springframework.boot.SpringApplication.run(SpringApplication.java:1277)
	at org.springframework.boot.SpringApplication.run(SpringApplication.java:1265)
	at com.by.SyncDataApplication.main(SyncDataApplication.java:21)
	at sun.reflect.NativeMethodAccessorImpl.invoke0(Native Method)
	at sun.reflect.NativeMethodAccessorImpl.invoke(NativeMethodAccessorImpl.java:62)
	at sun.reflect.DelegatingMethodAccessorImpl.invoke(DelegatingMethodAccessorImpl.java:43)
	at java.lang.reflect.Method.invoke(Method.java:498)
	at org.springframework.boot.devtools.restart.RestartLauncher.run(RestartLauncher.java:49)
Caused by: java.net.ConnectException: Connection refused: connect
	at java.net.DualStackPlainSocketImpl.connect0(Native Method)
	at java.net.DualStackPlainSocketImpl.socketConnect(DualStackPlainSocketImpl.java:79)
	at java.net.AbstractPlainSocketImpl.doConnect(AbstractPlainSocketImpl.java:350)
	at java.net.AbstractPlainSocketImpl.connectToAddress(AbstractPlainSocketImpl.java:206)
	at java.net.AbstractPlainSocketImpl.connect(AbstractPlainSocketImpl.java:188)
	at java.net.PlainSocketImpl.connect(PlainSocketImpl.java:172)
	at java.net.SocksSocketImpl.connect(SocksSocketImpl.java:392)
	at java.net.Socket.connect(Socket.java:589)
	at com.mysql.jdbc.StandardSocketFactory.connect(StandardSocketFactory.java:211)
	at com.mysql.jdbc.MysqlIO.<init>(MysqlIO.java:301)
	... 97 common frames omitted
2023-06-29 14:42:36.633 [ restartedMain ] - [ ERROR ] [ com.alibaba.druid.pool.DruidDataSource : 973 ] - {dataSource-1} init error
com.mysql.jdbc.exceptions.jdbc4.CommunicationsException: Communications link failure

The last packet sent successfully to the server was 0 milliseconds ago. The driver has not received any packets from the server.
	at sun.reflect.NativeConstructorAccessorImpl.newInstance0(Native Method)
	at sun.reflect.NativeConstructorAccessorImpl.newInstance(NativeConstructorAccessorImpl.java:62)
	at sun.reflect.DelegatingConstructorAccessorImpl.newInstance(DelegatingConstructorAccessorImpl.java:45)
	at java.lang.reflect.Constructor.newInstance(Constructor.java:423)
	at com.mysql.jdbc.Util.handleNewInstance(Util.java:425)
	at com.mysql.jdbc.SQLError.createCommunicationsException(SQLError.java:990)
	at com.mysql.jdbc.MysqlIO.<init>(MysqlIO.java:342)
	at com.mysql.jdbc.ConnectionImpl.coreConnect(ConnectionImpl.java:2197)
	at com.mysql.jdbc.ConnectionImpl.connectOneTryOnly(ConnectionImpl.java:2230)
	at com.mysql.jdbc.ConnectionImpl.createNewIO(ConnectionImpl.java:2025)
	at com.mysql.jdbc.ConnectionImpl.<init>(ConnectionImpl.java:778)
	at com.mysql.jdbc.JDBC4Connection.<init>(JDBC4Connection.java:47)
	at sun.reflect.NativeConstructorAccessorImpl.newInstance0(Native Method)
	at sun.reflect.NativeConstructorAccessorImpl.newInstance(NativeConstructorAccessorImpl.java:62)
	at sun.reflect.DelegatingConstructorAccessorImpl.newInstance(DelegatingConstructorAccessorImpl.java:45)
	at java.lang.reflect.Constructor.newInstance(Constructor.java:423)
	at com.mysql.jdbc.Util.handleNewInstance(Util.java:425)
	at com.mysql.jdbc.ConnectionImpl.getInstance(ConnectionImpl.java:386)
	at com.mysql.jdbc.NonRegisteringDriver.connect(NonRegisteringDriver.java:330)
	at com.alibaba.druid.filter.FilterChainImpl.connection_connect(FilterChainImpl.java:156)
	at com.alibaba.druid.filter.stat.StatFilter.connection_connect(StatFilter.java:251)
	at com.alibaba.druid.filter.FilterChainImpl.connection_connect(FilterChainImpl.java:150)
	at com.alibaba.druid.pool.DruidAbstractDataSource.createPhysicalConnection(DruidAbstractDataSource.java:1659)
	at com.alibaba.druid.pool.DruidAbstractDataSource.createPhysicalConnection(DruidAbstractDataSource.java:1723)
	at com.alibaba.druid.pool.DruidDataSource.init(DruidDataSource.java:927)
	at sun.reflect.NativeMethodAccessorImpl.invoke0(Native Method)
	at sun.reflect.NativeMethodAccessorImpl.invoke(NativeMethodAccessorImpl.java:62)
	at sun.reflect.DelegatingMethodAccessorImpl.invoke(DelegatingMethodAccessorImpl.java:43)
	at java.lang.reflect.Method.invoke(Method.java:498)
	at org.springframework.beans.factory.support.AbstractAutowireCapableBeanFactory.invokeCustomInitMethod(AbstractAutowireCapableBeanFactory.java:1824)
	at org.springframework.beans.factory.support.AbstractAutowireCapableBeanFactory.invokeInitMethods(AbstractAutowireCapableBeanFactory.java:1767)
	at org.springframework.beans.factory.support.AbstractAutowireCapableBeanFactory.initializeBean(AbstractAutowireCapableBeanFactory.java:1695)
	at org.springframework.beans.factory.support.AbstractAutowireCapableBeanFactory.doCreateBean(AbstractAutowireCapableBeanFactory.java:573)
	at org.springframework.beans.factory.support.AbstractAutowireCapableBeanFactory.createBean(AbstractAutowireCapableBeanFactory.java:495)
	at org.springframework.beans.factory.support.AbstractBeanFactory.lambda$doGetBean$0(AbstractBeanFactory.java:317)
	at org.springframework.beans.factory.support.DefaultSingletonBeanRegistry.getSingleton(DefaultSingletonBeanRegistry.java:222)
	at org.springframework.beans.factory.support.AbstractBeanFactory.doGetBean(AbstractBeanFactory.java:315)
	at org.springframework.beans.factory.support.AbstractBeanFactory.getBean(AbstractBeanFactory.java:199)
	at org.springframework.beans.factory.config.DependencyDescriptor.resolveCandidate(DependencyDescriptor.java:251)
	at org.springframework.beans.factory.support.DefaultListableBeanFactory.doResolveDependency(DefaultListableBeanFactory.java:1135)
	at org.springframework.beans.factory.support.DefaultListableBeanFactory.resolveDependency(DefaultListableBeanFactory.java:1062)
	at org.springframework.beans.factory.support.ConstructorResolver.resolveAutowiredArgument(ConstructorResolver.java:818)
	at org.springframework.beans.factory.support.ConstructorResolver.createArgumentArray(ConstructorResolver.java:724)
	at org.springframework.beans.factory.support.ConstructorResolver.instantiateUsingFactoryMethod(ConstructorResolver.java:474)
	at org.springframework.beans.factory.support.AbstractAutowireCapableBeanFactory.instantiateUsingFactoryMethod(AbstractAutowireCapableBeanFactory.java:1247)
	at org.springframework.beans.factory.support.AbstractAutowireCapableBeanFactory.createBeanInstance(AbstractAutowireCapableBeanFactory.java:1096)
	at org.springframework.beans.factory.support.AbstractAutowireCapableBeanFactory.doCreateBean(AbstractAutowireCapableBeanFactory.java:535)
	at org.springframework.beans.factory.support.AbstractAutowireCapableBeanFactory.createBean(AbstractAutowireCapableBeanFactory.java:495)
	at org.springframework.beans.factory.support.AbstractBeanFactory.lambda$doGetBean$0(AbstractBeanFactory.java:317)
	at org.springframework.beans.factory.support.DefaultSingletonBeanRegistry.getSingleton(DefaultSingletonBeanRegistry.java:222)
	at org.springframework.beans.factory.support.AbstractBeanFactory.doGetBean(AbstractBeanFactory.java:315)
	at org.springframework.beans.factory.support.AbstractBeanFactory.getBean(AbstractBeanFactory.java:199)
	at org.springframework.beans.factory.config.DependencyDescriptor.resolveCandidate(DependencyDescriptor.java:251)
	at org.springframework.beans.factory.support.DefaultListableBeanFactory.doResolveDependency(DefaultListableBeanFactory.java:1135)
	at org.springframework.beans.factory.support.DefaultListableBeanFactory.resolveDependency(DefaultListableBeanFactory.java:1062)
	at org.springframework.beans.factory.support.AbstractAutowireCapableBeanFactory.autowireByType(AbstractAutowireCapableBeanFactory.java:1421)
	at org.springframework.beans.factory.support.AbstractAutowireCapableBeanFactory.populateBean(AbstractAutowireCapableBeanFactory.java:1323)
	at org.springframework.beans.factory.support.AbstractAutowireCapableBeanFactory.doCreateBean(AbstractAutowireCapableBeanFactory.java:572)
	at org.springframework.beans.factory.support.AbstractAutowireCapableBeanFactory.createBean(AbstractAutowireCapableBeanFactory.java:495)
	at org.springframework.beans.factory.support.AbstractBeanFactory.lambda$doGetBean$0(AbstractBeanFactory.java:317)
	at org.springframework.beans.factory.support.DefaultSingletonBeanRegistry.getSingleton(DefaultSingletonBeanRegistry.java:222)
	at org.springframework.beans.factory.support.AbstractBeanFactory.doGetBean(AbstractBeanFactory.java:315)
	at org.springframework.beans.factory.support.AbstractBeanFactory.getBean(AbstractBeanFactory.java:199)
	at org.springframework.beans.factory.config.DependencyDescriptor.resolveCandidate(DependencyDescriptor.java:251)
	at org.springframework.beans.factory.support.DefaultListableBeanFactory.doResolveDependency(DefaultListableBeanFactory.java:1135)
	at org.springframework.beans.factory.support.DefaultListableBeanFactory.resolveDependency(DefaultListableBeanFactory.java:1062)
	at org.springframework.beans.factory.annotation.AutowiredAnnotationBeanPostProcessor$AutowiredFieldElement.inject(AutowiredAnnotationBeanPostProcessor.java:583)
	at org.springframework.beans.factory.annotation.InjectionMetadata.inject(InjectionMetadata.java:90)
	at org.springframework.beans.factory.annotation.AutowiredAnnotationBeanPostProcessor.postProcessPropertyValues(AutowiredAnnotationBeanPostProcessor.java:372)
	at org.springframework.beans.factory.support.AbstractAutowireCapableBeanFactory.populateBean(AbstractAutowireCapableBeanFactory.java:1341)
	at org.springframework.beans.factory.support.AbstractAutowireCapableBeanFactory.doCreateBean(AbstractAutowireCapableBeanFactory.java:572)
	at org.springframework.beans.factory.support.AbstractAutowireCapableBeanFactory.createBean(AbstractAutowireCapableBeanFactory.java:495)
	at org.springframework.beans.factory.support.AbstractBeanFactory.lambda$doGetBean$0(AbstractBeanFactory.java:317)
	at org.springframework.beans.factory.support.DefaultSingletonBeanRegistry.getSingleton(DefaultSingletonBeanRegistry.java:222)
	at org.springframework.beans.factory.support.AbstractBeanFactory.doGetBean(AbstractBeanFactory.java:315)
	at org.springframework.beans.factory.support.AbstractBeanFactory.getBean(AbstractBeanFactory.java:199)
	at org.springframework.beans.factory.config.DependencyDescriptor.resolveCandidate(DependencyDescriptor.java:251)
	at org.springframework.beans.factory.support.DefaultListableBeanFactory.doResolveDependency(DefaultListableBeanFactory.java:1135)
	at org.springframework.beans.factory.support.DefaultListableBeanFactory.resolveDependency(DefaultListableBeanFactory.java:1062)
	at org.springframework.beans.factory.annotation.AutowiredAnnotationBeanPostProcessor$AutowiredFieldElement.inject(AutowiredAnnotationBeanPostProcessor.java:583)
	at org.springframework.beans.factory.annotation.InjectionMetadata.inject(InjectionMetadata.java:90)
	at org.springframework.beans.factory.annotation.AutowiredAnnotationBeanPostProcessor.postProcessPropertyValues(AutowiredAnnotationBeanPostProcessor.java:372)
	at org.springframework.beans.factory.support.AbstractAutowireCapableBeanFactory.populateBean(AbstractAutowireCapableBeanFactory.java:1341)
	at org.springframework.beans.factory.support.AbstractAutowireCapableBeanFactory.doCreateBean(AbstractAutowireCapableBeanFactory.java:572)
	at org.springframework.beans.factory.support.AbstractAutowireCapableBeanFactory.createBean(AbstractAutowireCapableBeanFactory.java:495)
	at org.springframework.beans.factory.support.AbstractBeanFactory.lambda$doGetBean$0(AbstractBeanFactory.java:317)
	at org.springframework.beans.factory.support.DefaultSingletonBeanRegistry.getSingleton(DefaultSingletonBeanRegistry.java:222)
	at org.springframework.beans.factory.support.AbstractBeanFactory.doGetBean(AbstractBeanFactory.java:315)
	at org.springframework.beans.factory.support.AbstractBeanFactory.getBean(AbstractBeanFactory.java:199)
	at org.springframework.beans.factory.support.DefaultListableBeanFactory.preInstantiateSingletons(DefaultListableBeanFactory.java:759)
	at org.springframework.context.support.AbstractApplicationContext.finishBeanFactoryInitialization(AbstractApplicationContext.java:869)
	at org.springframework.context.support.AbstractApplicationContext.refresh(AbstractApplicationContext.java:550)
	at org.springframework.boot.web.servlet.context.ServletWebServerApplicationContext.refresh(ServletWebServerApplicationContext.java:140)
	at org.springframework.boot.SpringApplication.refresh(SpringApplication.java:780)
	at org.springframework.boot.SpringApplication.refreshContext(SpringApplication.java:412)
	at org.springframework.boot.SpringApplication.run(SpringApplication.java:333)
	at org.springframework.boot.SpringApplication.run(SpringApplication.java:1277)
	at org.springframework.boot.SpringApplication.run(SpringApplication.java:1265)
	at com.by.SyncDataApplication.main(SyncDataApplication.java:21)
	at sun.reflect.NativeMethodAccessorImpl.invoke0(Native Method)
	at sun.reflect.NativeMethodAccessorImpl.invoke(NativeMethodAccessorImpl.java:62)
	at sun.reflect.DelegatingMethodAccessorImpl.invoke(DelegatingMethodAccessorImpl.java:43)
	at java.lang.reflect.Method.invoke(Method.java:498)
	at org.springframework.boot.devtools.restart.RestartLauncher.run(RestartLauncher.java:49)
Caused by: java.net.ConnectException: Connection refused: connect
	at java.net.DualStackPlainSocketImpl.connect0(Native Method)
	at java.net.DualStackPlainSocketImpl.socketConnect(DualStackPlainSocketImpl.java:79)
	at java.net.AbstractPlainSocketImpl.doConnect(AbstractPlainSocketImpl.java:350)
	at java.net.AbstractPlainSocketImpl.connectToAddress(AbstractPlainSocketImpl.java:206)
	at java.net.AbstractPlainSocketImpl.connect(AbstractPlainSocketImpl.java:188)
	at java.net.PlainSocketImpl.connect(PlainSocketImpl.java:172)
	at java.net.SocksSocketImpl.connect(SocksSocketImpl.java:392)
	at java.net.Socket.connect(Socket.java:589)
	at com.mysql.jdbc.StandardSocketFactory.connect(StandardSocketFactory.java:211)
	at com.mysql.jdbc.MysqlIO.<init>(MysqlIO.java:301)
	... 97 common frames omitted
2023-06-29 14:42:36.633 [ restartedMain ] - [ INFO  ] [ com.alibaba.druid.pool.DruidDataSource : 998 ] - {dataSource-1} inited
2023-06-29 14:42:36.633 [ restartedMain ] - [ INFO  ] [ org.apache.catalina.core.StandardService : 180 ] - Stopping service [Tomcat]
2023-06-29 14:43:18.816 [ restartedMain ] - [ INFO  ] [ com.by.SyncDataApplication : 50 ] - Starting SyncDataApplication on SC-201909301149 with PID 4420 (H:\workspaces\taobao_img\syncData\target\classes started by Administrator in H:\workspaces\taobao_img\syncData)
2023-06-29 14:43:18.816 [ restartedMain ] - [ INFO  ] [ com.by.SyncDataApplication : 684 ] - The following profiles are active: dev
2023-06-29 14:43:20.860 [ restartedMain ] - [ INFO  ] [ org.apache.coyote.http11.Http11NioProtocol : 180 ] - Initializing ProtocolHandler ["http-nio-8866"]
2023-06-29 14:43:20.891 [ restartedMain ] - [ INFO  ] [ org.apache.catalina.core.StandardService : 180 ] - Starting service [Tomcat]
2023-06-29 14:43:20.891 [ restartedMain ] - [ INFO  ] [ org.apache.catalina.core.StandardEngine : 180 ] - Starting Servlet Engine: Apache Tomcat/8.5.34
2023-06-29 14:43:20.891 [ localhost-startStop-1 ] - [ INFO  ] [ org.apache.catalina.core.AprLifecycleListener : 180 ] - The APR based Apache Tomcat Native library which allows optimal performance in production environments was not found on the java.library.path: [D:\Program Files\Java\jdk1.8.0_131\bin;C:\Windows\Sun\Java\bin;C:\Windows\system32;C:\Windows;D:/Program Files/Java/jdk1.8.0_131/bin/../jre/bin/server;D:/Program Files/Java/jdk1.8.0_131/bin/../jre/bin;D:/Program Files/Java/jdk1.8.0_131/bin/../jre/lib/amd64;C:\Program Files (x86)\VanDyke Software\Clients\;C:\Program Files (x86)\Common Files\Intel\Shared Libraries\redist\intel64_win\compiler;C:\Program Files\VanDyke Software\Clients\;H:\app\Administrator\product\11.2.0\dbhome_1\bin;C:\Windows\system32;C:\Windows;C:\Windows\System32\Wbem;C:\Windows\System32\WindowsPowerShell\v1.0\;F:\ide\apache-maven-3.5.4\bin;C:\Program Files\TortoiseSVN\bin;NVM_HOME;NVM_SYMLINK;C:\Program Files\nodejs;C:\Users\Administrator\AppData\Roaming\npm;D:\Program Files\Java\jdk1.8.0_131\bin;D:\Program Files\Java\jdk1.8.0_131\jre\bin;E:\Program Files\Git\bin;C:\Program Files (x86)\VisualSVN Server\bin;C:\Program Files\nodejs;H:\workspaces\taobao_img_idea2\node_modules\.bin;F:\ide\mysql-8.0.29-winx64\bin;C:\Users\Administrator\AppData\Local\Programs\Python\Python37-32;C:\Users\Administrator\AppData\Local\Programs\Python\Python37-32\Scripts;C:\Program Files\MongoDB\Server\3.4\bin;C:\Program Files (x86)\HP\Common\HPDestPlgIn\;C:\Program Files (x86)\QuickTime\QTSystem\;C:\Program Files\Microsoft SQL Server\120\Tools\Binn\;C:\Program Files\Microsoft SQL Server\Client SDK\ODBC\110\Tools\Binn\;C:\Program Files (x86)\Microsoft SQL Server\120\Tools\Binn\;C:\Program Files\Microsoft SQL Server\120\DTS\Binn\;C:\Program Files (x86)\Microsoft SQL Server\120\Tools\Binn\ManagementStudio\;C:\Program Files (x86)\Microsoft SQL Server\120\DTS\Binn\;D:\Android\Sdk\platform-tools;D:\Android\Sdk\emulator;%ANDROID_SDK_HOME;C:\Program Files\nodejs\;C:\Users\Administrator\AppData\Roaming\npm;H:\soft_ware\sts-4.3.2.RELEASE;;.]
2023-06-29 14:43:21.099 [ localhost-startStop-1 ] - [ INFO  ] [ o.a.c.core.ContainerBase.[Tomcat].[localhost].[/] : 180 ] - Initializing Spring embedded WebApplicationContext
2023-06-29 14:43:21.317 [ restartedMain ] - [ INFO  ] [ c.a.d.s.b.a.DruidDataSourceAutoConfigure : 56 ] - Init DruidDataSource
2023-06-29 14:43:24.669 [ restartedMain ] - [ INFO  ] [ com.alibaba.druid.pool.DruidDataSource : 998 ] - {dataSource-1} inited
2023-06-29 14:43:25.825 [ restartedMain ] - [ INFO  ] [ org.apache.coyote.http11.Http11NioProtocol : 180 ] - Starting ProtocolHandler ["http-nio-8866"]
2023-06-29 14:43:25.825 [ restartedMain ] - [ INFO  ] [ org.apache.tomcat.util.net.NioSelectorPool : 180 ] - Using a shared selector for servlet write/read
2023-06-29 14:43:25.856 [ restartedMain ] - [ INFO  ] [ com.by.SyncDataApplication : 59 ] - Started SyncDataApplication in 7.462 seconds (JVM running for 8.135)
2023-06-29 16:47:03.991 [ restartedMain ] - [ INFO  ] [ com.by.SyncDataApplication : 50 ] - Starting SyncDataApplication on SC-201909301149 with PID 9868 (H:\workspaces\taobao_img\syncData\target\classes started by Administrator in H:\workspaces\taobao_img\syncData)
2023-06-29 16:47:03.996 [ restartedMain ] - [ INFO  ] [ com.by.SyncDataApplication : 684 ] - The following profiles are active: dev
2023-06-29 16:47:06.214 [ restartedMain ] - [ INFO  ] [ org.apache.coyote.http11.Http11NioProtocol : 180 ] - Initializing ProtocolHandler ["http-nio-8866"]
2023-06-29 16:47:06.228 [ restartedMain ] - [ INFO  ] [ org.apache.catalina.core.StandardService : 180 ] - Starting service [Tomcat]
2023-06-29 16:47:06.228 [ restartedMain ] - [ INFO  ] [ org.apache.catalina.core.StandardEngine : 180 ] - Starting Servlet Engine: Apache Tomcat/8.5.34
2023-06-29 16:47:06.240 [ localhost-startStop-1 ] - [ INFO  ] [ org.apache.catalina.core.AprLifecycleListener : 180 ] - The APR based Apache Tomcat Native library which allows optimal performance in production environments was not found on the java.library.path: [D:\Program Files\Java\jdk1.8.0_131\bin;C:\Windows\Sun\Java\bin;C:\Windows\system32;C:\Windows;D:/Program Files/Java/jdk1.8.0_131/bin/../jre/bin/server;D:/Program Files/Java/jdk1.8.0_131/bin/../jre/bin;D:/Program Files/Java/jdk1.8.0_131/bin/../jre/lib/amd64;C:\Program Files (x86)\VanDyke Software\Clients\;C:\Program Files (x86)\Common Files\Intel\Shared Libraries\redist\intel64_win\compiler;C:\Program Files\VanDyke Software\Clients\;H:\app\Administrator\product\11.2.0\dbhome_1\bin;C:\Windows\system32;C:\Windows;C:\Windows\System32\Wbem;C:\Windows\System32\WindowsPowerShell\v1.0\;F:\ide\apache-maven-3.5.4\bin;C:\Program Files\TortoiseSVN\bin;NVM_HOME;NVM_SYMLINK;C:\Program Files\nodejs;C:\Users\Administrator\AppData\Roaming\npm;D:\Program Files\Java\jdk1.8.0_131\bin;D:\Program Files\Java\jdk1.8.0_131\jre\bin;E:\Program Files\Git\bin;C:\Program Files (x86)\VisualSVN Server\bin;C:\Program Files\nodejs;H:\workspaces\taobao_img_idea2\node_modules\.bin;F:\ide\mysql-8.0.29-winx64\bin;C:\Users\Administrator\AppData\Local\Programs\Python\Python37-32;C:\Users\Administrator\AppData\Local\Programs\Python\Python37-32\Scripts;C:\Program Files\MongoDB\Server\3.4\bin;C:\Program Files (x86)\HP\Common\HPDestPlgIn\;C:\Program Files (x86)\QuickTime\QTSystem\;C:\Program Files\Microsoft SQL Server\120\Tools\Binn\;C:\Program Files\Microsoft SQL Server\Client SDK\ODBC\110\Tools\Binn\;C:\Program Files (x86)\Microsoft SQL Server\120\Tools\Binn\;C:\Program Files\Microsoft SQL Server\120\DTS\Binn\;C:\Program Files (x86)\Microsoft SQL Server\120\Tools\Binn\ManagementStudio\;C:\Program Files (x86)\Microsoft SQL Server\120\DTS\Binn\;D:\Android\Sdk\platform-tools;D:\Android\Sdk\emulator;%ANDROID_SDK_HOME;C:\Program Files\nodejs\;C:\Users\Administrator\AppData\Roaming\npm;H:\soft_ware\sts-4.3.2.RELEASE;;.]
2023-06-29 16:47:06.350 [ localhost-startStop-1 ] - [ INFO  ] [ o.a.c.core.ContainerBase.[Tomcat].[localhost].[/] : 180 ] - Initializing Spring embedded WebApplicationContext
2023-06-29 16:47:06.632 [ restartedMain ] - [ INFO  ] [ c.a.d.s.b.a.DruidDataSourceAutoConfigure : 56 ] - Init DruidDataSource
2023-06-29 16:47:08.994 [ restartedMain ] - [ INFO  ] [ com.alibaba.druid.pool.DruidDataSource : 998 ] - {dataSource-1} inited
2023-06-29 16:47:10.568 [ restartedMain ] - [ INFO  ] [ org.apache.coyote.http11.Http11NioProtocol : 180 ] - Starting ProtocolHandler ["http-nio-8866"]
2023-06-29 16:47:10.582 [ restartedMain ] - [ INFO  ] [ org.apache.tomcat.util.net.NioSelectorPool : 180 ] - Using a shared selector for servlet write/read
2023-06-29 16:47:10.612 [ restartedMain ] - [ INFO  ] [ com.by.SyncDataApplication : 59 ] - Started SyncDataApplication in 7.015 seconds (JVM running for 7.649)
2023-06-29 16:48:22.266 [ restartedMain ] - [ INFO  ] [ com.by.SyncDataApplication : 50 ] - Starting SyncDataApplication on SC-201909301149 with PID 2912 (H:\workspaces\taobao_img\syncData\target\classes started by Administrator in H:\workspaces\taobao_img\syncData)
2023-06-29 16:48:22.268 [ restartedMain ] - [ INFO  ] [ com.by.SyncDataApplication : 684 ] - The following profiles are active: dev
2023-06-29 16:48:24.323 [ restartedMain ] - [ INFO  ] [ org.apache.coyote.http11.Http11NioProtocol : 180 ] - Initializing ProtocolHandler ["http-nio-8866"]
2023-06-29 16:48:24.339 [ restartedMain ] - [ INFO  ] [ org.apache.catalina.core.StandardService : 180 ] - Starting service [Tomcat]
2023-06-29 16:48:24.339 [ restartedMain ] - [ INFO  ] [ org.apache.catalina.core.StandardEngine : 180 ] - Starting Servlet Engine: Apache Tomcat/8.5.34
2023-06-29 16:48:24.349 [ localhost-startStop-1 ] - [ INFO  ] [ org.apache.catalina.core.AprLifecycleListener : 180 ] - The APR based Apache Tomcat Native library which allows optimal performance in production environments was not found on the java.library.path: [D:\Program Files\Java\jdk1.8.0_131\bin;C:\Windows\Sun\Java\bin;C:\Windows\system32;C:\Windows;D:/Program Files/Java/jdk1.8.0_131/bin/../jre/bin/server;D:/Program Files/Java/jdk1.8.0_131/bin/../jre/bin;D:/Program Files/Java/jdk1.8.0_131/bin/../jre/lib/amd64;C:\Program Files (x86)\VanDyke Software\Clients\;C:\Program Files (x86)\Common Files\Intel\Shared Libraries\redist\intel64_win\compiler;C:\Program Files\VanDyke Software\Clients\;H:\app\Administrator\product\11.2.0\dbhome_1\bin;C:\Windows\system32;C:\Windows;C:\Windows\System32\Wbem;C:\Windows\System32\WindowsPowerShell\v1.0\;F:\ide\apache-maven-3.5.4\bin;C:\Program Files\TortoiseSVN\bin;NVM_HOME;NVM_SYMLINK;C:\Program Files\nodejs;C:\Users\Administrator\AppData\Roaming\npm;D:\Program Files\Java\jdk1.8.0_131\bin;D:\Program Files\Java\jdk1.8.0_131\jre\bin;E:\Program Files\Git\bin;C:\Program Files (x86)\VisualSVN Server\bin;C:\Program Files\nodejs;H:\workspaces\taobao_img_idea2\node_modules\.bin;F:\ide\mysql-8.0.29-winx64\bin;C:\Users\Administrator\AppData\Local\Programs\Python\Python37-32;C:\Users\Administrator\AppData\Local\Programs\Python\Python37-32\Scripts;C:\Program Files\MongoDB\Server\3.4\bin;C:\Program Files (x86)\HP\Common\HPDestPlgIn\;C:\Program Files (x86)\QuickTime\QTSystem\;C:\Program Files\Microsoft SQL Server\120\Tools\Binn\;C:\Program Files\Microsoft SQL Server\Client SDK\ODBC\110\Tools\Binn\;C:\Program Files (x86)\Microsoft SQL Server\120\Tools\Binn\;C:\Program Files\Microsoft SQL Server\120\DTS\Binn\;C:\Program Files (x86)\Microsoft SQL Server\120\Tools\Binn\ManagementStudio\;C:\Program Files (x86)\Microsoft SQL Server\120\DTS\Binn\;D:\Android\Sdk\platform-tools;D:\Android\Sdk\emulator;%ANDROID_SDK_HOME;C:\Program Files\nodejs\;C:\Users\Administrator\AppData\Roaming\npm;H:\soft_ware\sts-4.3.2.RELEASE;;.]
2023-06-29 16:48:24.587 [ localhost-startStop-1 ] - [ INFO  ] [ o.a.c.core.ContainerBase.[Tomcat].[localhost].[/] : 180 ] - Initializing Spring embedded WebApplicationContext
2023-06-29 16:48:24.805 [ restartedMain ] - [ INFO  ] [ c.a.d.s.b.a.DruidDataSourceAutoConfigure : 56 ] - Init DruidDataSource
2023-06-29 16:48:27.025 [ restartedMain ] - [ INFO  ] [ com.alibaba.druid.pool.DruidDataSource : 998 ] - {dataSource-1} inited
2023-06-29 16:48:28.263 [ restartedMain ] - [ INFO  ] [ org.apache.coyote.http11.Http11NioProtocol : 180 ] - Starting ProtocolHandler ["http-nio-8866"]
2023-06-29 16:48:28.275 [ restartedMain ] - [ INFO  ] [ org.apache.tomcat.util.net.NioSelectorPool : 180 ] - Using a shared selector for servlet write/read
2023-06-29 16:48:28.296 [ restartedMain ] - [ INFO  ] [ com.by.SyncDataApplication : 59 ] - Started SyncDataApplication in 6.43 seconds (JVM running for 7.066)
2023-06-29 16:49:23.009 [ restartedMain ] - [ INFO  ] [ com.by.SyncDataApplication : 50 ] - Starting SyncDataApplication on SC-201909301149 with PID 2924 (H:\workspaces\taobao_img\syncData\target\classes started by Administrator in H:\workspaces\taobao_img\syncData)
2023-06-29 16:49:23.014 [ restartedMain ] - [ INFO  ] [ com.by.SyncDataApplication : 684 ] - The following profiles are active: dev
2023-06-29 16:49:25.186 [ restartedMain ] - [ INFO  ] [ org.apache.coyote.http11.Http11NioProtocol : 180 ] - Initializing ProtocolHandler ["http-nio-8866"]
2023-06-29 16:49:25.200 [ restartedMain ] - [ INFO  ] [ org.apache.catalina.core.StandardService : 180 ] - Starting service [Tomcat]
2023-06-29 16:49:25.200 [ restartedMain ] - [ INFO  ] [ org.apache.catalina.core.StandardEngine : 180 ] - Starting Servlet Engine: Apache Tomcat/8.5.34
2023-06-29 16:49:25.210 [ localhost-startStop-1 ] - [ INFO  ] [ org.apache.catalina.core.AprLifecycleListener : 180 ] - The APR based Apache Tomcat Native library which allows optimal performance in production environments was not found on the java.library.path: [D:\Program Files\Java\jdk1.8.0_131\bin;C:\Windows\Sun\Java\bin;C:\Windows\system32;C:\Windows;D:/Program Files/Java/jdk1.8.0_131/bin/../jre/bin/server;D:/Program Files/Java/jdk1.8.0_131/bin/../jre/bin;D:/Program Files/Java/jdk1.8.0_131/bin/../jre/lib/amd64;C:\Program Files (x86)\VanDyke Software\Clients\;C:\Program Files (x86)\Common Files\Intel\Shared Libraries\redist\intel64_win\compiler;C:\Program Files\VanDyke Software\Clients\;H:\app\Administrator\product\11.2.0\dbhome_1\bin;C:\Windows\system32;C:\Windows;C:\Windows\System32\Wbem;C:\Windows\System32\WindowsPowerShell\v1.0\;F:\ide\apache-maven-3.5.4\bin;C:\Program Files\TortoiseSVN\bin;NVM_HOME;NVM_SYMLINK;C:\Program Files\nodejs;C:\Users\Administrator\AppData\Roaming\npm;D:\Program Files\Java\jdk1.8.0_131\bin;D:\Program Files\Java\jdk1.8.0_131\jre\bin;E:\Program Files\Git\bin;C:\Program Files (x86)\VisualSVN Server\bin;C:\Program Files\nodejs;H:\workspaces\taobao_img_idea2\node_modules\.bin;F:\ide\mysql-8.0.29-winx64\bin;C:\Users\Administrator\AppData\Local\Programs\Python\Python37-32;C:\Users\Administrator\AppData\Local\Programs\Python\Python37-32\Scripts;C:\Program Files\MongoDB\Server\3.4\bin;C:\Program Files (x86)\HP\Common\HPDestPlgIn\;C:\Program Files (x86)\QuickTime\QTSystem\;C:\Program Files\Microsoft SQL Server\120\Tools\Binn\;C:\Program Files\Microsoft SQL Server\Client SDK\ODBC\110\Tools\Binn\;C:\Program Files (x86)\Microsoft SQL Server\120\Tools\Binn\;C:\Program Files\Microsoft SQL Server\120\DTS\Binn\;C:\Program Files (x86)\Microsoft SQL Server\120\Tools\Binn\ManagementStudio\;C:\Program Files (x86)\Microsoft SQL Server\120\DTS\Binn\;D:\Android\Sdk\platform-tools;D:\Android\Sdk\emulator;%ANDROID_SDK_HOME;C:\Program Files\nodejs\;C:\Users\Administrator\AppData\Roaming\npm;H:\soft_ware\sts-4.3.2.RELEASE;;.]
2023-06-29 16:49:25.315 [ localhost-startStop-1 ] - [ INFO  ] [ o.a.c.core.ContainerBase.[Tomcat].[localhost].[/] : 180 ] - Initializing Spring embedded WebApplicationContext
2023-06-29 16:49:25.541 [ restartedMain ] - [ INFO  ] [ c.a.d.s.b.a.DruidDataSourceAutoConfigure : 56 ] - Init DruidDataSource
2023-06-29 16:49:28.997 [ restartedMain ] - [ INFO  ] [ com.alibaba.druid.pool.DruidDataSource : 998 ] - {dataSource-1} inited
2023-06-29 16:49:30.286 [ restartedMain ] - [ INFO  ] [ org.apache.coyote.http11.Http11NioProtocol : 180 ] - Starting ProtocolHandler ["http-nio-8866"]
2023-06-29 16:49:30.299 [ restartedMain ] - [ INFO  ] [ org.apache.tomcat.util.net.NioSelectorPool : 180 ] - Using a shared selector for servlet write/read
2023-06-29 16:49:30.319 [ restartedMain ] - [ INFO  ] [ com.by.SyncDataApplication : 59 ] - Started SyncDataApplication in 7.704 seconds (JVM running for 8.364)
2023-06-29 16:54:49.246 [ restartedMain ] - [ INFO  ] [ com.by.SyncDataApplication : 50 ] - Starting SyncDataApplication on SC-201909301149 with PID 10072 (H:\workspaces\taobao_img\syncData\target\classes started by Administrator in H:\workspaces\taobao_img\syncData)
2023-06-29 16:54:49.256 [ restartedMain ] - [ INFO  ] [ com.by.SyncDataApplication : 684 ] - The following profiles are active: dev
2023-06-29 16:54:51.334 [ restartedMain ] - [ INFO  ] [ org.apache.coyote.http11.Http11NioProtocol : 180 ] - Initializing ProtocolHandler ["http-nio-8866"]
2023-06-29 16:54:51.344 [ restartedMain ] - [ INFO  ] [ org.apache.catalina.core.StandardService : 180 ] - Starting service [Tomcat]
2023-06-29 16:54:51.344 [ restartedMain ] - [ INFO  ] [ org.apache.catalina.core.StandardEngine : 180 ] - Starting Servlet Engine: Apache Tomcat/8.5.34
2023-06-29 16:54:51.355 [ localhost-startStop-1 ] - [ INFO  ] [ org.apache.catalina.core.AprLifecycleListener : 180 ] - The APR based Apache Tomcat Native library which allows optimal performance in production environments was not found on the java.library.path: [D:\Program Files\Java\jdk1.8.0_131\bin;C:\Windows\Sun\Java\bin;C:\Windows\system32;C:\Windows;D:/Program Files/Java/jdk1.8.0_131/bin/../jre/bin/server;D:/Program Files/Java/jdk1.8.0_131/bin/../jre/bin;D:/Program Files/Java/jdk1.8.0_131/bin/../jre/lib/amd64;C:\Program Files (x86)\VanDyke Software\Clients\;C:\Program Files (x86)\Common Files\Intel\Shared Libraries\redist\intel64_win\compiler;C:\Program Files\VanDyke Software\Clients\;H:\app\Administrator\product\11.2.0\dbhome_1\bin;C:\Windows\system32;C:\Windows;C:\Windows\System32\Wbem;C:\Windows\System32\WindowsPowerShell\v1.0\;F:\ide\apache-maven-3.5.4\bin;C:\Program Files\TortoiseSVN\bin;NVM_HOME;NVM_SYMLINK;C:\Program Files\nodejs;C:\Users\Administrator\AppData\Roaming\npm;D:\Program Files\Java\jdk1.8.0_131\bin;D:\Program Files\Java\jdk1.8.0_131\jre\bin;E:\Program Files\Git\bin;C:\Program Files (x86)\VisualSVN Server\bin;C:\Program Files\nodejs;H:\workspaces\taobao_img_idea2\node_modules\.bin;F:\ide\mysql-8.0.29-winx64\bin;C:\Users\Administrator\AppData\Local\Programs\Python\Python37-32;C:\Users\Administrator\AppData\Local\Programs\Python\Python37-32\Scripts;C:\Program Files\MongoDB\Server\3.4\bin;C:\Program Files (x86)\HP\Common\HPDestPlgIn\;C:\Program Files (x86)\QuickTime\QTSystem\;C:\Program Files\Microsoft SQL Server\120\Tools\Binn\;C:\Program Files\Microsoft SQL Server\Client SDK\ODBC\110\Tools\Binn\;C:\Program Files (x86)\Microsoft SQL Server\120\Tools\Binn\;C:\Program Files\Microsoft SQL Server\120\DTS\Binn\;C:\Program Files (x86)\Microsoft SQL Server\120\Tools\Binn\ManagementStudio\;C:\Program Files (x86)\Microsoft SQL Server\120\DTS\Binn\;D:\Android\Sdk\platform-tools;D:\Android\Sdk\emulator;%ANDROID_SDK_HOME;C:\Program Files\nodejs\;C:\Users\Administrator\AppData\Roaming\npm;H:\soft_ware\sts-4.3.2.RELEASE;;.]
2023-06-29 16:54:51.455 [ localhost-startStop-1 ] - [ INFO  ] [ o.a.c.core.ContainerBase.[Tomcat].[localhost].[/] : 180 ] - Initializing Spring embedded WebApplicationContext
2023-06-29 16:54:51.690 [ restartedMain ] - [ INFO  ] [ c.a.d.s.b.a.DruidDataSourceAutoConfigure : 56 ] - Init DruidDataSource
2023-06-29 16:54:53.969 [ restartedMain ] - [ INFO  ] [ com.alibaba.druid.pool.DruidDataSource : 998 ] - {dataSource-1} inited
2023-06-29 16:54:55.304 [ restartedMain ] - [ INFO  ] [ org.apache.coyote.http11.Http11NioProtocol : 180 ] - Starting ProtocolHandler ["http-nio-8866"]
2023-06-29 16:54:55.314 [ restartedMain ] - [ INFO  ] [ org.apache.tomcat.util.net.NioSelectorPool : 180 ] - Using a shared selector for servlet write/read
2023-06-29 16:54:55.334 [ restartedMain ] - [ INFO  ] [ com.by.SyncDataApplication : 59 ] - Started SyncDataApplication in 6.481 seconds (JVM running for 7.127)
